PCAD Importer Log
Project : KTR18EZPF3300.LibPkg

Section : C:\Users\Jean-Christophe\Documents\GitHub\orient\PCB\Orient\Components\Chip_IO\KTR18EZPF3300\KTR18EZPF3300.lia
    Section : PCB Library - KTR18EZPF3300.PcbLib
        Section : Load Messages
            Warning - 1 : Skipping Token KTR18EZPF3300 On Line 116
            Warning - 1 : Skipping Token attachedSymbol On Line 168
        EndSection

        Section : Import Messages
        EndSection
    EndSection

    Section : SCH Library - KTR18EZPF3300.SchLib
        Section : Parsing Messages
            Warning - 1 : Skipping Token padStyleDef On Line 9
            Warning - 1 : Skipping Token multiLayer On Line 84
            Warning - 1 : Skipping Token layerContents On Line 88
            Warning - 1 : Skipping Token layerContents On Line 96
            Warning - 1 : Skipping Token layerContents On Line 102
            Warning - 1 : Skipping Token layerContents On Line 110
        EndSection

        Section : Generating SCH Library - KTR18EZPF3300.SchLib
        EndSection
    EndSection
EndSection
