Replace Part C? C2012X7R1A475K085AC in E:\Documents\GitHub\orient\PCB\Orient\FPGA_Power.SchDoc with C2012X7R1A475K085AC from Orient.SchLib
Replace Part C? C2012X7R1A475K085AC in E:\Documents\GitHub\orient\PCB\Orient\FPGA_Power.SchDoc with C2012X7R1A475K085AC from Orient.SchLib
Replace Part C? C2012X7R1A475K085AC in E:\Documents\GitHub\orient\PCB\Orient\FPGA_Power.SchDoc with C2012X7R1A475K085AC from Orient.SchLib
Replace Part C? C2012X7R1A475K085AC in E:\Documents\GitHub\orient\PCB\Orient\FPGA_Power.SchDoc with C2012X7R1A475K085AC from Orient.SchLib
Replace Part C? C2012X7R1A475K085AC in E:\Documents\GitHub\orient\PCB\Orient\FPGA_Power.SchDoc with C2012X7R1A475K085AC from Orient.SchLib
Replace Part C? C2012X7R1A475K085AC in E:\Documents\GitHub\orient\PCB\Orient\FPGA_Power.SchDoc with C2012X7R1A475K085AC from Orient.SchLib
Replace Part C? C2012X7R1A475K085AC in E:\Documents\GitHub\orient\PCB\Orient\FPGA_Power.SchDoc with C2012X7R1A475K085AC from Orient.SchLib
Replace Part C? C2012X7R1A475K085AC in E:\Documents\GitHub\orient\PCB\Orient\FPGA_Power.SchDoc with C2012X7R1A475K085AC from Orient.SchLib
Replace Part C? C2012X7R1A475K085AC in E:\Documents\GitHub\orient\PCB\Orient\FPGA_Power.SchDoc with C2012X7R1A475K085AC from Orient.SchLib
Replace Part C? C2012X7R1A475K085AC in E:\Documents\GitHub\orient\PCB\Orient\FPGA_Power.SchDoc with C2012X7R1A475K085AC from Orient.SchLib
Replace Part C? C2012X7R1A475K085AC in E:\Documents\GitHub\orient\PCB\Orient\FPGA_Power.SchDoc with C2012X7R1A475K085AC from Orient.SchLib
Replace Part C? C2012X7R1A475K085AC in E:\Documents\GitHub\orient\PCB\Orient\FPGA_Power.SchDoc with C2012X7R1A475K085AC from Orient.SchLib
Replace Part C? C2012X7R1A475K085AC in E:\Documents\GitHub\orient\PCB\Orient\FPGA_Power.SchDoc with C2012X7R1A475K085AC from Orient.SchLib
Replace Part C? C2012X7R1A475K085AC in E:\Documents\GitHub\orient\PCB\Orient\FPGA_Power.SchDoc with C2012X7R1A475K085AC from Orient.SchLib
Replace Part C? GRM32ER70J476ME20L in E:\Documents\GitHub\orient\PCB\Orient\FPGA_Power.SchDoc with GRM32ER70J476ME20L from Orient.SchLib
Replace Part C? GRM32ER70J476ME20L in E:\Documents\GitHub\orient\PCB\Orient\FPGA_Power.SchDoc with GRM32ER70J476ME20L from Orient.SchLib
Replace Part C? 100uF in E:\Documents\GitHub\orient\PCB\Orient\FPGA_Power.SchDoc with 100uF from Orient.SchLib
Replace Part C? GRM188R70J474KA01D in E:\Documents\GitHub\orient\PCB\Orient\FPGA_Power.SchDoc with GRM188R70J474KA01D from Orient.SchLib
Replace Part C? GRM188R70J474KA01D in E:\Documents\GitHub\orient\PCB\Orient\FPGA_Power.SchDoc with GRM188R70J474KA01D from Orient.SchLib
Replace Part C? GRM188R70J474KA01D in E:\Documents\GitHub\orient\PCB\Orient\FPGA_Power.SchDoc with GRM188R70J474KA01D from Orient.SchLib
Replace Part C? GRM188R70J474KA01D in E:\Documents\GitHub\orient\PCB\Orient\FPGA_Power.SchDoc with GRM188R70J474KA01D from Orient.SchLib
Replace Part C? 100uF in E:\Documents\GitHub\orient\PCB\Orient\FPGA_Power.SchDoc with 100uF from Orient.SchLib
Replace Part C? GRM188R70J474KA01D in E:\Documents\GitHub\orient\PCB\Orient\FPGA_Power.SchDoc with GRM188R70J474KA01D from Orient.SchLib
Replace Part C? GRM188R70J474KA01D in E:\Documents\GitHub\orient\PCB\Orient\FPGA_Power.SchDoc with GRM188R70J474KA01D from Orient.SchLib
Replace Part C? GRM188R70J474KA01D in E:\Documents\GitHub\orient\PCB\Orient\FPGA_Power.SchDoc with GRM188R70J474KA01D from Orient.SchLib
Replace Part C? GRM188R70J474KA01D in E:\Documents\GitHub\orient\PCB\Orient\FPGA_Power.SchDoc with GRM188R70J474KA01D from Orient.SchLib
Replace Part C? 100uF in E:\Documents\GitHub\orient\PCB\Orient\FPGA_Power.SchDoc with 100uF from Orient.SchLib
Replace Part C? GRM188R70J474KA01D in E:\Documents\GitHub\orient\PCB\Orient\FPGA_Power.SchDoc with GRM188R70J474KA01D from Orient.SchLib
Replace Part C? GRM188R70J474KA01D in E:\Documents\GitHub\orient\PCB\Orient\FPGA_Power.SchDoc with GRM188R70J474KA01D from Orient.SchLib
Replace Part C? GRM188R70J474KA01D in E:\Documents\GitHub\orient\PCB\Orient\FPGA_Power.SchDoc with GRM188R70J474KA01D from Orient.SchLib
Replace Part C? GRM188R70J474KA01D in E:\Documents\GitHub\orient\PCB\Orient\FPGA_Power.SchDoc with GRM188R70J474KA01D from Orient.SchLib
Replace Part C? GRM188R70J474KA01D in E:\Documents\GitHub\orient\PCB\Orient\FPGA_Power.SchDoc with GRM188R70J474KA01D from Orient.SchLib
Replace Part C? GRM188R70J474KA01D in E:\Documents\GitHub\orient\PCB\Orient\FPGA_Power.SchDoc with GRM188R70J474KA01D from Orient.SchLib
Replace Part C? GRM188R70J474KA01D in E:\Documents\GitHub\orient\PCB\Orient\FPGA_Power.SchDoc with GRM188R70J474KA01D from Orient.SchLib
Replace Part C? GRM188R70J474KA01D in E:\Documents\GitHub\orient\PCB\Orient\FPGA_Power.SchDoc with GRM188R70J474KA01D from Orient.SchLib
Replace Part C? 100uF in E:\Documents\GitHub\orient\PCB\Orient\FPGA_Power.SchDoc with 100uF from Orient.SchLib
Replace Part C? GRM188R70J474KA01D in E:\Documents\GitHub\orient\PCB\Orient\FPGA_Power.SchDoc with GRM188R70J474KA01D from Orient.SchLib
Replace Part C? GRM188R70J474KA01D in E:\Documents\GitHub\orient\PCB\Orient\FPGA_Power.SchDoc with GRM188R70J474KA01D from Orient.SchLib
Replace Part C? GRM188R70J474KA01D in E:\Documents\GitHub\orient\PCB\Orient\FPGA_Power.SchDoc with GRM188R70J474KA01D from Orient.SchLib
Replace Part C? GRM188R70J474KA01D in E:\Documents\GitHub\orient\PCB\Orient\FPGA_Power.SchDoc with GRM188R70J474KA01D from Orient.SchLib
Replace Part C? 100uF in E:\Documents\GitHub\orient\PCB\Orient\FPGA_Power.SchDoc with 100uF from Orient.SchLib
Replace Part C? GRM188R70J474KA01D in E:\Documents\GitHub\orient\PCB\Orient\FPGA_Power.SchDoc with GRM188R70J474KA01D from Orient.SchLib
Replace Part C? 100uF in E:\Documents\GitHub\orient\PCB\Orient\FPGA_Power.SchDoc with 100uF from Orient.SchLib
Replace Part C? GRM188R70J474KA01D in E:\Documents\GitHub\orient\PCB\Orient\FPGA_Power.SchDoc with GRM188R70J474KA01D from Orient.SchLib
Replace Part C? GRM188R70J474KA01D in E:\Documents\GitHub\orient\PCB\Orient\FPGA_Power.SchDoc with GRM188R70J474KA01D from Orient.SchLib
Replace Part C? GRM188R70J474KA01D in E:\Documents\GitHub\orient\PCB\Orient\FPGA_Power.SchDoc with GRM188R70J474KA01D from Orient.SchLib
Replace Part C? GRM188R70J474KA01D in E:\Documents\GitHub\orient\PCB\Orient\FPGA_Power.SchDoc with GRM188R70J474KA01D from Orient.SchLib
Replace Part C? GRM188R70J474KA01D in E:\Documents\GitHub\orient\PCB\Orient\FPGA_Power.SchDoc with GRM188R70J474KA01D from Orient.SchLib
Replace Part C? 100uF in E:\Documents\GitHub\orient\PCB\Orient\FPGA_Power.SchDoc with 100uF from Orient.SchLib
Replace Part C? 100uF in E:\Documents\GitHub\orient\PCB\Orient\FPGA_Power.SchDoc with 100uF from Orient.SchLib
Replace Part C? 100uF in E:\Documents\GitHub\orient\PCB\Orient\FPGA_Power.SchDoc with 100uF from Orient.SchLib
Replace Part C? 100uF in E:\Documents\GitHub\orient\PCB\Orient\FPGA_Power.SchDoc with 100uF from Orient.SchLib
Replace Part C? GRM32ER70J476ME20L in E:\Documents\GitHub\orient\PCB\Orient\FPGA_Power.SchDoc with GRM32ER70J476ME20L from Orient.SchLib
Replace Part IC XC7Z020-1CLG400C in E:\Documents\GitHub\orient\PCB\Orient\FPGA_Power.SchDoc with XC7Z020-1CLG400C from Orient.SchLib
Replace Part IC XC7Z020-1CLG400C in E:\Documents\GitHub\orient\PCB\Orient\FPGA_Power.SchDoc with XC7Z020-1CLG400C from Orient.SchLib
