PCAD Importer Log
Project : RC1206FR-0775RL.LibPkg

Section : C:\Users\Jean-Christophe\Documents\GitHub\orient\PCB\Orient\Components\Chip_IO\RC1206FR-0775RL\RC1206FR-0775RL.lia
    Section : PCB Library - RC1206FR-0775RL.PcbLib
        Section : Load Messages
            Warning - 1 : Skipping Token RC1206FR-0775RL On Line 116
            Warning - 1 : Skipping Token attachedSymbol On Line 168
        EndSection

        Section : Import Messages
        EndSection
    EndSection

    Section : SCH Library - RC1206FR-0775RL.SchLib
        Section : Parsing Messages
            Warning - 1 : Skipping Token padStyleDef On Line 9
            Warning - 1 : Skipping Token multiLayer On Line 84
            Warning - 1 : Skipping Token layerContents On Line 88
            Warning - 1 : Skipping Token layerContents On Line 96
            Warning - 1 : Skipping Token layerContents On Line 102
            Warning - 1 : Skipping Token layerContents On Line 110
        EndSection

        Section : Generating SCH Library - RC1206FR-0775RL.SchLib
        EndSection
    EndSection
EndSection
