PCAD Importer Log
Project : CL31B104KBCNNNC.LibPkg

Section : C:\Users\Jean-Christophe\Documents\GitHub\orient\PCB\Orient\Components\Chip_IO\CL31B104KBCNNNC\CL31B104KBCNNNC.lia
    Section : PCB Library - CL31B104KBCNNNC.PcbLib
        Section : Load Messages
            Warning - 1 : Skipping Token CL31B104KBCNNNC On Line 116
            Warning - 1 : Skipping Token attachedSymbol On Line 171
        EndSection

        Section : Import Messages
        EndSection
    EndSection

    Section : SCH Library - CL31B104KBCNNNC.SchLib
        Section : Parsing Messages
            Warning - 1 : Skipping Token padStyleDef On Line 9
            Warning - 1 : Skipping Token multiLayer On Line 84
            Warning - 1 : Skipping Token layerContents On Line 88
            Warning - 1 : Skipping Token layerContents On Line 92
            Warning - 1 : Skipping Token layerContents On Line 100
            Warning - 1 : Skipping Token layerContents On Line 108
        EndSection

        Section : Generating SCH Library - CL31B104KBCNNNC.SchLib
        EndSection
    EndSection
EndSection
